# JRE version: OpenJDK Runtime Environment (11.0.10) (build 11.0.10+0-b96-7249189)
# Java VM: OpenJDK 64-Bit Server VM (11.0.10+0-b96-7249189, mixed mode, tiered, compressed oops, g1 gc, windows-amd64)
Heap:
 garbage-first heap   total 262144K, used 113362K [0x0000000080000000, 0x0000000100000000)
  region size 1024K, 4 young (4096K), 4 survivors (4096K)
 Metaspace       used 103481K, capacity 106521K, committed 106880K, reserved 1157120K
  class space    used 13683K, capacity 14867K, committed 14976K, reserved 1048576K
GC Heap History (20 events):
Event: 7.693 GC heap before
{Heap before GC invocations=8 (full 0):
 garbage-first heap   total 262144K, used 54762K [0x0000000080000000, 0x0000000100000000)
  region size 1024K, 25 young (25600K), 19 survivors (19456K)
 Metaspace       used 58571K, capacity 60058K, committed 60160K, reserved 1101824K
  class space    used 7434K, capacity 8003K, committed 8064K, reserved 1048576K
}
Event: 7.721 GC heap after
{Heap after GC invocations=9 (full 0):
 garbage-first heap   total 262144K, used 52875K [0x0000000080000000, 0x0000000100000000)
  region size 1024K, 3 young (3072K), 3 survivors (3072K)
 Metaspace       used 58571K, capacity 60058K, committed 60160K, reserved 1101824K
  class space    used 7434K, capacity 8003K, committed 8064K, reserved 1048576K
}
Event: 8.802 GC heap before
{Heap before GC invocations=10 (full 0):
 garbage-first heap   total 262144K, used 136843K [0x0000000080000000, 0x0000000100000000)
  region size 1024K, 85 young (87040K), 3 survivors (3072K)
 Metaspace       used 65947K, capacity 67535K, committed 67584K, reserved 1107968K
  class space    used 8357K, capacity 8919K, committed 8960K, reserved 1048576K
}
Event: 8.808 GC heap after
{Heap after GC invocations=11 (full 0):
 garbage-first heap   total 262144K, used 56401K [0x0000000080000000, 0x0000000100000000)
  region size 1024K, 7 young (7168K), 7 survivors (7168K)
 Metaspace       used 65947K, capacity 67535K, committed 67584K, reserved 1107968K
  class space    used 8357K, capacity 8919K, committed 8960K, reserved 1048576K
}
Event: 9.760 GC heap before
{Heap before GC invocations=12 (full 0):
 garbage-first heap   total 262144K, used 147537K [0x0000000080000000, 0x0000000100000000)
  region size 1024K, 96 young (98304K), 7 survivors (7168K)
 Metaspace       used 71865K, capacity 73566K, committed 73728K, reserved 1114112K
  class space    used 9268K, capacity 9897K, committed 9984K, reserved 1048576K
}
Event: 9.769 GC heap after
{Heap after GC invocations=13 (full 0):
 garbage-first heap   total 262144K, used 63320K [0x0000000080000000, 0x0000000100000000)
  region size 1024K, 12 young (12288K), 12 survivors (12288K)
 Metaspace       used 71865K, capacity 73566K, committed 73728K, reserved 1114112K
  class space    used 9268K, capacity 9897K, committed 9984K, reserved 1048576K
}
Event: 11.027 GC heap before
{Heap before GC invocations=13 (full 0):
 garbage-first heap   total 262144K, used 167768K [0x0000000080000000, 0x0000000100000000)
  region size 1024K, 106 young (108544K), 12 survivors (12288K)
 Metaspace       used 79546K, capacity 81353K, committed 81408K, reserved 1120256K
  class space    used 10336K, capacity 11004K, committed 11008K, reserved 1048576K
}
Event: 11.039 GC heap after
{Heap after GC invocations=14 (full 0):
 garbage-first heap   total 262144K, used 69982K [0x0000000080000000, 0x0000000100000000)
  region size 1024K, 13 young (13312K), 13 survivors (13312K)
 Metaspace       used 79546K, capacity 81353K, committed 81408K, reserved 1120256K
  class space    used 10336K, capacity 11004K, committed 11008K, reserved 1048576K
}
Event: 12.371 GC heap before
{Heap before GC invocations=14 (full 0):
 garbage-first heap   total 262144K, used 167262K [0x0000000080000000, 0x0000000100000000)
  region size 1024K, 109 young (111616K), 13 survivors (13312K)
 Metaspace       used 84531K, capacity 86801K, committed 86912K, reserved 1124352K
  class space    used 11038K, capacity 11844K, committed 11904K, reserved 1048576K
}
Event: 12.389 GC heap after
{Heap after GC invocations=15 (full 0):
 garbage-first heap   total 262144K, used 79717K [0x0000000080000000, 0x0000000100000000)
  region size 1024K, 14 young (14336K), 14 survivors (14336K)
 Metaspace       used 84531K, capacity 86801K, committed 86912K, reserved 1124352K
  class space    used 11038K, capacity 11844K, committed 11904K, reserved 1048576K
}
Event: 13.286 GC heap before
{Heap before GC invocations=15 (full 0):
 garbage-first heap   total 262144K, used 176997K [0x0000000080000000, 0x0000000100000000)
  region size 1024K, 110 young (112640K), 14 survivors (14336K)
 Metaspace       used 85386K, capacity 87645K, committed 87808K, reserved 1124352K
  class space    used 11083K, capacity 11929K, committed 12032K, reserved 1048576K
}
Event: 13.303 GC heap after
{Heap after GC invocations=16 (full 0):
 garbage-first heap   total 262144K, used 87222K [0x0000000080000000, 0x0000000100000000)
  region size 1024K, 8 young (8192K), 8 survivors (8192K)
 Metaspace       used 85386K, capacity 87645K, committed 87808K, reserved 1124352K
  class space    used 11083K, capacity 11929K, committed 12032K, reserved 1048576K
}
Event: 14.054 GC heap before
{Heap before GC invocations=16 (full 0):
 garbage-first heap   total 262144K, used 184502K [0x0000000080000000, 0x0000000100000000)
  region size 1024K, 104 young (106496K), 8 survivors (8192K)
 Metaspace       used 85960K, capacity 88227K, committed 88320K, reserved 1126400K
  class space    used 11151K, capacity 11976K, committed 12032K, reserved 1048576K
}
Event: 14.064 GC heap after
{Heap after GC invocations=17 (full 0):
 garbage-first heap   total 262144K, used 92618K [0x0000000080000000, 0x0000000100000000)
  region size 1024K, 8 young (8192K), 8 survivors (8192K)
 Metaspace       used 85960K, capacity 88227K, committed 88320K, reserved 1126400K
  class space    used 11151K, capacity 11976K, committed 12032K, reserved 1048576K
}
Event: 15.049 GC heap before
{Heap before GC invocations=17 (full 0):
 garbage-first heap   total 262144K, used 191946K [0x0000000080000000, 0x0000000100000000)
  region size 1024K, 105 young (107520K), 8 survivors (8192K)
 Metaspace       used 91286K, capacity 93521K, committed 93568K, reserved 1130496K
  class space    used 11818K, capacity 12667K, committed 12672K, reserved 1048576K
}
Event: 15.059 GC heap after
{Heap after GC invocations=18 (full 0):
 garbage-first heap   total 262144K, used 97467K [0x0000000080000000, 0x0000000100000000)
  region size 1024K, 13 young (13312K), 13 survivors (13312K)
 Metaspace       used 91286K, capacity 93521K, committed 93568K, reserved 1130496K
  class space    used 11818K, capacity 12667K, committed 12672K, reserved 1048576K
}
Event: 15.816 GC heap before
{Heap before GC invocations=18 (full 0):
 garbage-first heap   total 262144K, used 195771K [0x0000000080000000, 0x0000000100000000)
  region size 1024K, 110 young (112640K), 13 survivors (13312K)
 Metaspace       used 91520K, capacity 93797K, committed 93824K, reserved 1130496K
  class space    used 11832K, capacity 12672K, committed 12672K, reserved 1048576K
}
Event: 15.831 GC heap after
{Heap after GC invocations=19 (full 0):
 garbage-first heap   total 262144K, used 102015K [0x0000000080000000, 0x0000000100000000)
  region size 1024K, 12 young (12288K), 12 survivors (12288K)
 Metaspace       used 91520K, capacity 93797K, committed 93824K, reserved 1130496K
  class space    used 11832K, capacity 12672K, committed 12672K, reserved 1048576K
}
Event: 23.858 GC heap before
{Heap before GC invocations=19 (full 0):
 garbage-first heap   total 262144K, used 202367K [0x0000000080000000, 0x0000000100000000)
  region size 1024K, 109 young (111616K), 12 survivors (12288K)
 Metaspace       used 96057K, capacity 98510K, committed 98688K, reserved 1134592K
  class space    used 12432K, capacity 13339K, committed 13440K, reserved 1048576K
}
Event: 23.870 GC heap after
{Heap after GC invocations=20 (full 0):
 garbage-first heap   total 262144K, used 110458K [0x0000000080000000, 0x0000000100000000)
  region size 1024K, 13 young (13312K), 13 survivors (13312K)
 Metaspace       used 96057K, capacity 98510K, committed 98688K, reserved 1134592K
  class space    used 12432K, capacity 13339K, committed 13440K, reserved 1048576K
}

