# JRE version: OpenJDK Runtime Environment (11.0.10) (build 11.0.10+0-b96-7249189)
# Java VM: OpenJDK 64-Bit Server VM (11.0.10+0-b96-7249189, mixed mode, tiered, compressed oops, g1 gc, windows-amd64)
Heap:
 garbage-first heap   total 262144K, used 144180K [0x0000000080000000, 0x0000000100000000)
  region size 1024K, 43 young (44032K), 8 survivors (8192K)
 Metaspace       used 96694K, capacity 99045K, committed 99196K, reserved 1134592K
  class space    used 12411K, capacity 13285K, committed 13312K, reserved 1048576K
GC Heap History (20 events):
Event: 51.931 GC heap before
{Heap before GC invocations=8 (full 0):
 garbage-first heap   total 262144K, used 68911K [0x0000000080000000, 0x0000000100000000)
  region size 1024K, 39 young (39936K), 19 survivors (19456K)
 Metaspace       used 58309K, capacity 59784K, committed 59900K, reserved 1101824K
  class space    used 7404K, capacity 7950K, committed 8064K, reserved 1048576K
}
Event: 52.018 GC heap after
{Heap after GC invocations=9 (full 0):
 garbage-first heap   total 262144K, used 52804K [0x0000000080000000, 0x0000000100000000)
  region size 1024K, 3 young (3072K), 3 survivors (3072K)
 Metaspace       used 58309K, capacity 59784K, committed 59900K, reserved 1101824K
  class space    used 7404K, capacity 7950K, committed 8064K, reserved 1048576K
}
Event: 57.803 GC heap before
{Heap before GC invocations=10 (full 0):
 garbage-first heap   total 262144K, used 144964K [0x0000000080000000, 0x0000000100000000)
  region size 1024K, 93 young (95232K), 3 survivors (3072K)
 Metaspace       used 66141K, capacity 67739K, committed 67964K, reserved 1107968K
  class space    used 8369K, capacity 8939K, committed 8960K, reserved 1048576K
}
Event: 57.849 GC heap after
{Heap after GC invocations=11 (full 0):
 garbage-first heap   total 262144K, used 57721K [0x0000000080000000, 0x0000000100000000)
  region size 1024K, 8 young (8192K), 8 survivors (8192K)
 Metaspace       used 66141K, capacity 67739K, committed 67964K, reserved 1107968K
  class space    used 8369K, capacity 8939K, committed 8960K, reserved 1048576K
}
Event: 66.101 GC heap before
{Heap before GC invocations=12 (full 0):
 garbage-first heap   total 262144K, used 155001K [0x0000000080000000, 0x0000000100000000)
  region size 1024K, 103 young (105472K), 8 survivors (8192K)
 Metaspace       used 72512K, capacity 74181K, committed 74364K, reserved 1114112K
  class space    used 9342K, capacity 9948K, committed 9984K, reserved 1048576K
}
Event: 66.114 GC heap after
{Heap after GC invocations=13 (full 0):
 garbage-first heap   total 262144K, used 64737K [0x0000000080000000, 0x0000000100000000)
  region size 1024K, 13 young (13312K), 13 survivors (13312K)
 Metaspace       used 72512K, capacity 74181K, committed 74364K, reserved 1114112K
  class space    used 9342K, capacity 9948K, committed 9984K, reserved 1048576K
}
Event: 74.947 GC heap before
{Heap before GC invocations=13 (full 0):
 garbage-first heap   total 262144K, used 172257K [0x0000000080000000, 0x0000000100000000)
  region size 1024K, 111 young (113664K), 13 survivors (13312K)
 Metaspace       used 81002K, capacity 82821K, committed 83068K, reserved 1122304K
  class space    used 10504K, capacity 11186K, committed 11264K, reserved 1048576K
}
Event: 74.960 GC heap after
{Heap after GC invocations=14 (full 0):
 garbage-first heap   total 262144K, used 71685K [0x0000000080000000, 0x0000000100000000)
  region size 1024K, 14 young (14336K), 14 survivors (14336K)
 Metaspace       used 81002K, capacity 82821K, committed 83068K, reserved 1122304K
  class space    used 10504K, capacity 11186K, committed 11264K, reserved 1048576K
}
Event: 85.914 GC heap before
{Heap before GC invocations=14 (full 0):
 garbage-first heap   total 262144K, used 173061K [0x0000000080000000, 0x0000000100000000)
  region size 1024K, 114 young (116736K), 14 survivors (14336K)
 Metaspace       used 84657K, capacity 86734K, committed 86908K, reserved 1124352K
  class space    used 10960K, capacity 11697K, committed 11776K, reserved 1048576K
}
Event: 85.929 GC heap after
{Heap after GC invocations=15 (full 0):
 garbage-first heap   total 262144K, used 81274K [0x0000000080000000, 0x0000000100000000)
  region size 1024K, 15 young (15360K), 15 survivors (15360K)
 Metaspace       used 84657K, capacity 86734K, committed 86908K, reserved 1124352K
  class space    used 10960K, capacity 11697K, committed 11776K, reserved 1048576K
}
Event: 88.540 GC heap before
{Heap before GC invocations=15 (full 0):
 garbage-first heap   total 262144K, used 181626K [0x0000000080000000, 0x0000000100000000)
  region size 1024K, 114 young (116736K), 15 survivors (15360K)
 Metaspace       used 85438K, capacity 87458K, committed 87804K, reserved 1126400K
  class space    used 11008K, capacity 11785K, committed 11904K, reserved 1048576K
}
Event: 88.556 GC heap after
{Heap after GC invocations=16 (full 0):
 garbage-first heap   total 262144K, used 88462K [0x0000000080000000, 0x0000000100000000)
  region size 1024K, 9 young (9216K), 9 survivors (9216K)
 Metaspace       used 85438K, capacity 87458K, committed 87804K, reserved 1126400K
  class space    used 11008K, capacity 11785K, committed 11904K, reserved 1048576K
}
Event: 90.854 GC heap before
{Heap before GC invocations=16 (full 0):
 garbage-first heap   total 262144K, used 188814K [0x0000000080000000, 0x0000000100000000)
  region size 1024K, 108 young (110592K), 9 survivors (9216K)
 Metaspace       used 89628K, capacity 91783K, committed 91900K, reserved 1128448K
  class space    used 11512K, capacity 12307K, committed 12416K, reserved 1048576K
}
Event: 90.891 GC heap after
{Heap after GC invocations=17 (full 0):
 garbage-first heap   total 262144K, used 91478K [0x0000000080000000, 0x0000000100000000)
  region size 1024K, 12 young (12288K), 12 survivors (12288K)
 Metaspace       used 89628K, capacity 91783K, committed 91900K, reserved 1128448K
  class space    used 11512K, capacity 12307K, committed 12416K, reserved 1048576K
}
Event: 97.350 GC heap before
{Heap before GC invocations=17 (full 0):
 garbage-first heap   total 262144K, used 192854K [0x0000000080000000, 0x0000000100000000)
  region size 1024K, 112 young (114688K), 12 survivors (12288K)
 Metaspace       used 90448K, capacity 92511K, committed 92668K, reserved 1130496K
  class space    used 11587K, capacity 12358K, committed 12416K, reserved 1048576K
}
Event: 97.362 GC heap after
{Heap after GC invocations=18 (full 0):
 garbage-first heap   total 262144K, used 97037K [0x0000000080000000, 0x0000000100000000)
  region size 1024K, 12 young (12288K), 12 survivors (12288K)
 Metaspace       used 90448K, capacity 92511K, committed 92668K, reserved 1130496K
  class space    used 11587K, capacity 12358K, committed 12416K, reserved 1048576K
}
Event: 103.031 GC heap before
{Heap before GC invocations=18 (full 0):
 garbage-first heap   total 262144K, used 198413K [0x0000000080000000, 0x0000000100000000)
  region size 1024K, 112 young (114688K), 12 survivors (12288K)
 Metaspace       used 91492K, capacity 93637K, committed 93820K, reserved 1130496K
  class space    used 11683K, capacity 12498K, committed 12544K, reserved 1048576K
}
Event: 103.047 GC heap after
{Heap after GC invocations=19 (full 0):
 garbage-first heap   total 262144K, used 107673K [0x0000000080000000, 0x0000000100000000)
  region size 1024K, 12 young (12288K), 12 survivors (12288K)
 Metaspace       used 91492K, capacity 93637K, committed 93820K, reserved 1130496K
  class space    used 11683K, capacity 12498K, committed 12544K, reserved 1048576K
}
Event: 108.494 GC heap before
{Heap before GC invocations=19 (full 0):
 garbage-first heap   total 262144K, used 202905K [0x0000000080000000, 0x0000000100000000)
  region size 1024K, 106 young (108544K), 12 survivors (12288K)
 Metaspace       used 96445K, capacity 98753K, committed 98940K, reserved 1134592K
  class space    used 12380K, capacity 13255K, committed 13312K, reserved 1048576K
}
Event: 108.508 GC heap after
{Heap after GC invocations=20 (full 0):
 garbage-first heap   total 262144K, used 110388K [0x0000000080000000, 0x0000000100000000)
  region size 1024K, 8 young (8192K), 8 survivors (8192K)
 Metaspace       used 96445K, capacity 98753K, committed 98940K, reserved 1134592K
  class space    used 12380K, capacity 13255K, committed 13312K, reserved 1048576K
}

