# JRE version: OpenJDK Runtime Environment (11.0.10) (build 11.0.10+0-b96-7249189)
# Java VM: OpenJDK 64-Bit Server VM (11.0.10+0-b96-7249189, mixed mode, tiered, compressed oops, g1 gc, windows-amd64)
Heap:
 garbage-first heap   total 262144K, used 85786K [0x0000000080000000, 0x0000000100000000)
  region size 1024K, 34 young (34816K), 13 survivors (13312K)
 Metaspace       used 73361K, capacity 75075K, committed 75212K, reserved 1114112K
  class space    used 9476K, capacity 10100K, committed 10188K, reserved 1048576K
GC Heap History (18 events):
Event: 0.721 GC heap before
{Heap before GC invocations=0 (full 0):
 garbage-first heap   total 262144K, used 29696K [0x0000000080000000, 0x0000000100000000)
  region size 1024K, 24 young (24576K), 0 survivors (0K)
 Metaspace       used 9807K, capacity 9986K, committed 10112K, reserved 1058816K
  class space    used 1022K, capacity 1102K, committed 1152K, reserved 1048576K
}
Event: 0.725 GC heap after
{Heap after GC invocations=1 (full 0):
 garbage-first heap   total 262144K, used 9649K [0x0000000080000000, 0x0000000100000000)
  region size 1024K, 3 young (3072K), 3 survivors (3072K)
 Metaspace       used 9807K, capacity 9986K, committed 10112K, reserved 1058816K
  class space    used 1022K, capacity 1102K, committed 1152K, reserved 1048576K
}
Event: 2.390 GC heap before
{Heap before GC invocations=1 (full 0):
 garbage-first heap   total 262144K, used 106929K [0x0000000080000000, 0x0000000100000000)
  region size 1024K, 98 young (100352K), 3 survivors (3072K)
 Metaspace       used 20596K, capacity 21118K, committed 21248K, reserved 1067008K
  class space    used 2517K, capacity 2720K, committed 2816K, reserved 1048576K
}
Event: 2.398 GC heap after
{Heap after GC invocations=2 (full 0):
 garbage-first heap   total 262144K, used 17273K [0x0000000080000000, 0x0000000100000000)
  region size 1024K, 11 young (11264K), 11 survivors (11264K)
 Metaspace       used 20596K, capacity 21118K, committed 21248K, reserved 1067008K
  class space    used 2517K, capacity 2720K, committed 2816K, reserved 1048576K
}
Event: 2.574 GC heap before
{Heap before GC invocations=3 (full 0):
 garbage-first heap   total 262144K, used 38777K [0x0000000080000000, 0x0000000100000000)
  region size 1024K, 32 young (32768K), 11 survivors (11264K)
 Metaspace       used 22293K, capacity 22832K, committed 23040K, reserved 1069056K
  class space    used 2839K, capacity 3040K, committed 3072K, reserved 1048576K
}
Event: 2.579 GC heap after
{Heap after GC invocations=4 (full 0):
 garbage-first heap   total 262144K, used 17779K [0x0000000080000000, 0x0000000100000000)
  region size 1024K, 1 young (1024K), 1 survivors (1024K)
 Metaspace       used 22293K, capacity 22832K, committed 23040K, reserved 1069056K
  class space    used 2839K, capacity 3040K, committed 3072K, reserved 1048576K
}
Event: 3.664 GC heap before
{Heap before GC invocations=4 (full 0):
 garbage-first heap   total 262144K, used 105843K [0x0000000080000000, 0x0000000100000000)
  region size 1024K, 89 young (91136K), 1 survivors (1024K)
 Metaspace       used 35025K, capacity 35830K, committed 35840K, reserved 1081344K
  class space    used 4540K, capacity 4864K, committed 4864K, reserved 1048576K
}
Event: 3.672 GC heap after
{Heap after GC invocations=5 (full 0):
 garbage-first heap   total 262144K, used 22347K [0x0000000080000000, 0x0000000100000000)
  region size 1024K, 6 young (6144K), 6 survivors (6144K)
 Metaspace       used 35025K, capacity 35830K, committed 35840K, reserved 1081344K
  class space    used 4540K, capacity 4864K, committed 4864K, reserved 1048576K
}
Event: 4.936 GC heap before
{Heap before GC invocations=6 (full 0):
 garbage-first heap   total 262144K, used 142155K [0x0000000080000000, 0x0000000100000000)
  region size 1024K, 120 young (122880K), 6 survivors (6144K)
 Metaspace       used 44456K, capacity 45565K, committed 45900K, reserved 1089536K
  class space    used 5708K, capacity 6115K, committed 6220K, reserved 1048576K
}
Event: 4.946 GC heap after
{Heap after GC invocations=7 (full 0):
 garbage-first heap   total 262144K, used 29047K [0x0000000080000000, 0x0000000100000000)
  region size 1024K, 12 young (12288K), 12 survivors (12288K)
 Metaspace       used 44456K, capacity 45565K, committed 45900K, reserved 1089536K
  class space    used 5708K, capacity 6115K, committed 6220K, reserved 1048576K
}
Event: 6.856 GC heap before
{Heap before GC invocations=7 (full 0):
 garbage-first heap   total 262144K, used 175479K [0x0000000080000000, 0x0000000100000000)
  region size 1024K, 148 young (151552K), 12 survivors (12288K)
 Metaspace       used 57740K, capacity 59285K, committed 59468K, reserved 1101824K
  class space    used 7335K, capacity 7894K, committed 8012K, reserved 1048576K
}
Event: 6.872 GC heap after
{Heap after GC invocations=8 (full 0):
 garbage-first heap   total 262144K, used 50670K [0x0000000080000000, 0x0000000100000000)
  region size 1024K, 19 young (19456K), 19 survivors (19456K)
 Metaspace       used 57740K, capacity 59285K, committed 59468K, reserved 1101824K
  class space    used 7335K, capacity 7894K, committed 8012K, reserved 1048576K
}
Event: 6.965 GC heap before
{Heap before GC invocations=8 (full 0):
 garbage-first heap   total 262144K, used 57838K [0x0000000080000000, 0x0000000100000000)
  region size 1024K, 27 young (27648K), 19 survivors (19456K)
 Metaspace       used 58594K, capacity 60101K, committed 60236K, reserved 1101824K
  class space    used 7435K, capacity 7974K, committed 8012K, reserved 1048576K
}
Event: 6.990 GC heap after
{Heap after GC invocations=9 (full 0):
 garbage-first heap   total 262144K, used 54023K [0x0000000080000000, 0x0000000100000000)
  region size 1024K, 3 young (3072K), 3 survivors (3072K)
 Metaspace       used 58594K, capacity 60101K, committed 60236K, reserved 1101824K
  class space    used 7435K, capacity 7974K, committed 8012K, reserved 1048576K
}
Event: 8.037 GC heap before
{Heap before GC invocations=10 (full 0):
 garbage-first heap   total 262144K, used 145159K [0x0000000080000000, 0x0000000100000000)
  region size 1024K, 92 young (94208K), 3 survivors (3072K)
 Metaspace       used 66065K, capacity 67676K, committed 67916K, reserved 1107968K
  class space    used 8376K, capacity 8963K, committed 9036K, reserved 1048576K
}
Event: 8.044 GC heap after
{Heap after GC invocations=11 (full 0):
 garbage-first heap   total 262144K, used 58119K [0x0000000080000000, 0x0000000100000000)
  region size 1024K, 7 young (7168K), 7 survivors (7168K)
 Metaspace       used 66065K, capacity 67676K, committed 67916K, reserved 1107968K
  class space    used 8376K, capacity 8963K, committed 9036K, reserved 1048576K
}
Event: 9.031 GC heap before
{Heap before GC invocations=12 (full 0):
 garbage-first heap   total 262144K, used 156423K [0x0000000080000000, 0x0000000100000000)
  region size 1024K, 103 young (105472K), 7 survivors (7168K)
 Metaspace       used 72458K, capacity 74172K, committed 74316K, reserved 1114112K
  class space    used 9347K, capacity 9948K, committed 10060K, reserved 1048576K
}
Event: 9.040 GC heap after
{Heap after GC invocations=13 (full 0):
 garbage-first heap   total 262144K, used 65306K [0x0000000080000000, 0x0000000100000000)
  region size 1024K, 13 young (13312K), 13 survivors (13312K)
 Metaspace       used 72458K, capacity 74172K, committed 74316K, reserved 1114112K
  class space    used 9347K, capacity 9948K, committed 10060K, reserved 1048576K
}

