# JRE version: OpenJDK Runtime Environment (11.0.10) (build 11.0.10+0-b96-7249189)
# Java VM: OpenJDK 64-Bit Server VM (11.0.10+0-b96-7249189, mixed mode, tiered, compressed oops, g1 gc, windows-amd64)
Heap:
 garbage-first heap   total 262144K, used 166970K [0x0000000080000000, 0x0000000100000000)
  region size 1024K, 78 young (79872K), 12 survivors (12288K)
 Metaspace       used 94832K, capacity 97375K, committed 97484K, reserved 1134592K
  class space    used 12281K, capacity 13212K, committed 13260K, reserved 1048576K
GC Heap History (20 events):
Event: 6.975 GC heap before
{Heap before GC invocations=7 (full 0):
 garbage-first heap   total 262144K, used 167438K [0x0000000080000000, 0x0000000100000000)
  region size 1024K, 141 young (144384K), 12 survivors (12288K)
 Metaspace       used 55511K, capacity 56903K, committed 57036K, reserved 1099776K
  class space    used 7022K, capacity 7529K, committed 7628K, reserved 1048576K
}
Event: 6.996 GC heap after
{Heap after GC invocations=8 (full 0):
 garbage-first heap   total 262144K, used 49412K [0x0000000080000000, 0x0000000100000000)
  region size 1024K, 18 young (18432K), 18 survivors (18432K)
 Metaspace       used 55511K, capacity 56903K, committed 57036K, reserved 1099776K
  class space    used 7022K, capacity 7529K, committed 7628K, reserved 1048576K
}
Event: 7.377 GC heap before
{Heap before GC invocations=8 (full 0):
 garbage-first heap   total 262144K, used 69892K [0x0000000080000000, 0x0000000100000000)
  region size 1024K, 39 young (39936K), 18 survivors (18432K)
 Metaspace       used 58701K, capacity 60152K, committed 60236K, reserved 1101824K
  class space    used 7440K, capacity 7991K, committed 8012K, reserved 1048576K
}
Event: 7.397 GC heap after
{Heap after GC invocations=9 (full 0):
 garbage-first heap   total 262144K, used 52674K [0x0000000080000000, 0x0000000100000000)
  region size 1024K, 4 young (4096K), 4 survivors (4096K)
 Metaspace       used 58701K, capacity 60152K, committed 60236K, reserved 1101824K
  class space    used 7440K, capacity 7991K, committed 8012K, reserved 1048576K
}
Event: 8.386 GC heap before
{Heap before GC invocations=10 (full 0):
 garbage-first heap   total 262144K, used 141762K [0x0000000080000000, 0x0000000100000000)
  region size 1024K, 91 young (93184K), 4 survivors (4096K)
 Metaspace       used 66025K, capacity 67625K, committed 67916K, reserved 1107968K
  class space    used 8362K, capacity 8946K, committed 9036K, reserved 1048576K
}
Event: 8.395 GC heap after
{Heap after GC invocations=11 (full 0):
 garbage-first heap   total 262144K, used 56991K [0x0000000080000000, 0x0000000100000000)
  region size 1024K, 8 young (8192K), 8 survivors (8192K)
 Metaspace       used 66025K, capacity 67625K, committed 67916K, reserved 1107968K
  class space    used 8362K, capacity 8946K, committed 9036K, reserved 1048576K
}
Event: 9.438 GC heap before
{Heap before GC invocations=12 (full 0):
 garbage-first heap   total 262144K, used 152223K [0x0000000080000000, 0x0000000100000000)
  region size 1024K, 101 young (103424K), 8 survivors (8192K)
 Metaspace       used 71960K, capacity 73638K, committed 73676K, reserved 1114112K
  class space    used 9279K, capacity 9899K, committed 9932K, reserved 1048576K
}
Event: 9.450 GC heap after
{Heap after GC invocations=13 (full 0):
 garbage-first heap   total 262144K, used 64151K [0x0000000080000000, 0x0000000100000000)
  region size 1024K, 13 young (13312K), 13 survivors (13312K)
 Metaspace       used 71960K, capacity 73638K, committed 73676K, reserved 1114112K
  class space    used 9279K, capacity 9899K, committed 9932K, reserved 1048576K
}
Event: 10.855 GC heap before
{Heap before GC invocations=13 (full 0):
 garbage-first heap   total 262144K, used 172695K [0x0000000080000000, 0x0000000100000000)
  region size 1024K, 111 young (113664K), 13 survivors (13312K)
 Metaspace       used 80525K, capacity 82319K, committed 82636K, reserved 1120256K
  class space    used 10438K, capacity 11087K, committed 11212K, reserved 1048576K
}
Event: 10.871 GC heap after
{Heap after GC invocations=14 (full 0):
 garbage-first heap   total 262144K, used 71354K [0x0000000080000000, 0x0000000100000000)
  region size 1024K, 14 young (14336K), 14 survivors (14336K)
 Metaspace       used 80525K, capacity 82319K, committed 82636K, reserved 1120256K
  class space    used 10438K, capacity 11087K, committed 11212K, reserved 1048576K
}
Event: 12.017 GC heap before
{Heap before GC invocations=14 (full 0):
 garbage-first heap   total 262144K, used 173754K [0x0000000080000000, 0x0000000100000000)
  region size 1024K, 114 young (116736K), 14 survivors (14336K)
 Metaspace       used 84674K, capacity 86983K, committed 87244K, reserved 1124352K
  class space    used 11051K, capacity 11881K, committed 11980K, reserved 1048576K
}
Event: 12.034 GC heap after
{Heap after GC invocations=15 (full 0):
 garbage-first heap   total 262144K, used 80482K [0x0000000080000000, 0x0000000100000000)
  region size 1024K, 15 young (15360K), 15 survivors (15360K)
 Metaspace       used 84674K, capacity 86983K, committed 87244K, reserved 1124352K
  class space    used 11051K, capacity 11881K, committed 11980K, reserved 1048576K
}
Event: 12.815 GC heap before
{Heap before GC invocations=15 (full 0):
 garbage-first heap   total 262144K, used 180834K [0x0000000080000000, 0x0000000100000000)
  region size 1024K, 114 young (116736K), 15 survivors (15360K)
 Metaspace       used 85545K, capacity 87849K, committed 88012K, reserved 1126400K
  class space    used 11099K, capacity 11969K, committed 11980K, reserved 1048576K
}
Event: 12.833 GC heap after
{Heap after GC invocations=16 (full 0):
 garbage-first heap   total 262144K, used 86542K [0x0000000080000000, 0x0000000100000000)
  region size 1024K, 8 young (8192K), 8 survivors (8192K)
 Metaspace       used 85545K, capacity 87849K, committed 88012K, reserved 1126400K
  class space    used 11099K, capacity 11969K, committed 11980K, reserved 1048576K
}
Event: 13.657 GC heap before
{Heap before GC invocations=16 (full 0):
 garbage-first heap   total 262144K, used 186894K [0x0000000080000000, 0x0000000100000000)
  region size 1024K, 107 young (109568K), 8 survivors (8192K)
 Metaspace       used 86404K, capacity 88727K, committed 88908K, reserved 1126400K
  class space    used 11208K, capacity 12077K, committed 12108K, reserved 1048576K
}
Event: 13.668 GC heap after
{Heap after GC invocations=17 (full 0):
 garbage-first heap   total 262144K, used 92440K [0x0000000080000000, 0x0000000100000000)
  region size 1024K, 8 young (8192K), 8 survivors (8192K)
 Metaspace       used 86404K, capacity 88727K, committed 88908K, reserved 1126400K
  class space    used 11208K, capacity 12077K, committed 12108K, reserved 1048576K
}
Event: 14.671 GC heap before
{Heap before GC invocations=17 (full 0):
 garbage-first heap   total 262144K, used 193816K [0x0000000080000000, 0x0000000100000000)
  region size 1024K, 107 young (109568K), 8 survivors (8192K)
 Metaspace       used 91378K, capacity 93765K, committed 93900K, reserved 1130496K
  class space    used 11834K, capacity 12705K, committed 12748K, reserved 1048576K
}
Event: 14.683 GC heap after
{Heap after GC invocations=18 (full 0):
 garbage-first heap   total 262144K, used 97478K [0x0000000080000000, 0x0000000100000000)
  region size 1024K, 13 young (13312K), 13 survivors (13312K)
 Metaspace       used 91378K, capacity 93765K, committed 93900K, reserved 1130496K
  class space    used 11834K, capacity 12705K, committed 12748K, reserved 1048576K
}
Event: 20.724 GC heap before
{Heap before GC invocations=18 (full 0):
 garbage-first heap   total 262144K, used 197830K [0x0000000080000000, 0x0000000100000000)
  region size 1024K, 112 young (114688K), 13 survivors (13312K)
 Metaspace       used 94129K, capacity 96692K, committed 96972K, reserved 1132544K
  class space    used 12249K, capacity 13177K, committed 13260K, reserved 1048576K
}
Event: 20.737 GC heap after
{Heap after GC invocations=19 (full 0):
 garbage-first heap   total 262144K, used 101434K [0x0000000080000000, 0x0000000100000000)
  region size 1024K, 12 young (12288K), 12 survivors (12288K)
 Metaspace       used 94129K, capacity 96692K, committed 96972K, reserved 1132544K
  class space    used 12249K, capacity 13177K, committed 13260K, reserved 1048576K
}

